<?xml version="1.0" encoding="UTF-8"?>
<testsuite name="com.example.basic.BasicApplicationTests" tests="1" skipped="0" failures="0" errors="0" timestamp="2025-04-29T00:49:21.095Z" hostname="USER" time="0.836">
  <properties/>
  <testcase name="contextLoads()" classname="com.example.basic.BasicApplicationTests" time="0.836"/>
  <system-out><![CDATA[09:49:16.543 [Test worker] INFO org.springframework.test.context.support.AnnotationConfigContextLoaderUtils -- Could not detect default configuration classes for test class [com.example.basic.BasicApplicationTests]: BasicApplicationTests does not declare any static, non-private, non-final, nested classes annotated with @Configuration.
09:49:16.654 [Test worker] INFO org.springframework.boot.test.context.SpringBootTestContextBootstrapper -- Found @SpringBootConfiguration com.example.basic.BasicApplication for test class com.example.basic.BasicApplicationTests

  .   ____          _            __ _ _
 /\\ / ___'_ __ _ _(_)_ __  __ _ \ \ \ \
( ( )\___ | '_ | '_| | '_ \/ _` | \ \ \ \
 \\/  ___)| |_)| | | | | || (_| |  ) ) ) )
  '  |____| .__|_| |_|_| |_\__, | / / / /
 =========|_|==============|___/=/_/_/_/

 :: Spring Boot ::                (v3.4.4)

2025-04-29T09:49:17.072+09:00  INFO 9504 --- [    Test worker] c.example.basic.BasicApplicationTests    : Starting BasicApplicationTests using Java 17.0.15 with PID 9504 (started by campus1N010 in C:\Users\campus1N010\Desktop\deploy\server)
2025-04-29T09:49:17.072+09:00  INFO 9504 --- [    Test worker] c.example.basic.BasicApplicationTests    : No active profile set, falling back to 1 default profile: "default"
2025-04-29T09:49:17.853+09:00  INFO 9504 --- [    Test worker] .s.d.r.c.RepositoryConfigurationDelegate : Bootstrapping Spring Data JPA repositories in DEFAULT mode.
2025-04-29T09:49:17.903+09:00  INFO 9504 --- [    Test worker] .s.d.r.c.RepositoryConfigurationDelegate : Finished Spring Data repository scanning in 41 ms. Found 1 JPA repository interface.
2025-04-29T09:49:18.279+09:00  INFO 9504 --- [    Test worker] o.hibernate.jpa.internal.util.LogHelper  : HHH000204: Processing PersistenceUnitInfo [name: default]
2025-04-29T09:49:18.406+09:00  INFO 9504 --- [    Test worker] org.hibernate.Version                    : HHH000412: Hibernate ORM core version 6.6.11.Final
2025-04-29T09:49:18.454+09:00  INFO 9504 --- [    Test worker] o.h.c.internal.RegionFactoryInitiator    : HHH000026: Second-level cache disabled
2025-04-29T09:49:18.753+09:00  INFO 9504 --- [    Test worker] o.s.o.j.p.SpringPersistenceUnitInfo      : No LoadTimeWeaver setup: ignoring JPA class transformer
2025-04-29T09:49:18.784+09:00  INFO 9504 --- [    Test worker] com.zaxxer.hikari.HikariDataSource       : HikariPool-1 - Starting...
2025-04-29T09:49:19.130+09:00  INFO 9504 --- [    Test worker] com.zaxxer.hikari.pool.HikariPool        : HikariPool-1 - Added connection com.mysql.cj.jdbc.ConnectionImpl@417bfebd
2025-04-29T09:49:19.130+09:00  INFO 9504 --- [    Test worker] com.zaxxer.hikari.HikariDataSource       : HikariPool-1 - Start completed.
2025-04-29T09:49:19.209+09:00  INFO 9504 --- [    Test worker] org.hibernate.orm.connections.pooling    : HHH10001005: Database info:
	Database JDBC URL [Connecting through datasource 'HikariDataSource (HikariPool-1)']
	Database driver: undefined/unknown
	Database version: 8.0.42
	Autocommit mode: undefined/unknown
	Isolation level: undefined/unknown
	Minimum pool size: undefined/unknown
	Maximum pool size: undefined/unknown
2025-04-29T09:49:20.146+09:00  INFO 9504 --- [    Test worker] o.h.e.t.j.p.i.JtaPlatformInitiator       : HHH000489: No JTA platform available (set 'hibernate.transaction.jta.platform' to enable JTA platform integration)
2025-04-29T09:49:20.226+09:00  INFO 9504 --- [    Test worker] j.LocalContainerEntityManagerFactoryBean : Initialized JPA EntityManagerFactory for persistence unit 'default'
2025-04-29T09:49:20.679+09:00  WARN 9504 --- [    Test worker] JpaBaseConfiguration$JpaWebConfiguration : spring.jpa.open-in-view is enabled by default. Therefore, database queries may be performed during view rendering. Explicitly configure spring.jpa.open-in-view to disable this warning
2025-04-29T09:49:20.954+09:00  WARN 9504 --- [    Test worker] ion$DefaultTemplateResolverConfiguration : Cannot find template location: classpath:/templates/ (please add some templates, check your Thymeleaf configuration, or set spring.thymeleaf.check-template-location=false)
2025-04-29T09:49:21.089+09:00  INFO 9504 --- [    Test worker] c.example.basic.BasicApplicationTests    : Started BasicApplicationTests in 4.292 seconds (process running for 5.71)
]]></system-out>
  <system-err><![CDATA[]]></system-err>
</testsuite>
